<?xml version="1.0" encoding="UTF-8"?>
<testng-results skipped="0" failed="0" ignored="0" total="1" passed="1">
  <reporter-output>
  </reporter-output>
  <suite name="Default suite" duration-ms="4275" started-at="2020-11-08T21:15:39 IST" finished-at="2020-11-08T21:15:43 IST">
    <groups>
    </groups>
    <test name="Default test" duration-ms="4275" started-at="2020-11-08T21:15:39 IST" finished-at="2020-11-08T21:15:43 IST">
      <class name="com.qa.webtests.LaunchURLTest">
        <test-method status="PASS" signature="setUp()[pri:0, instance:com.qa.webtests.LaunchURLTest@60bd273d]" name="setUp" is-config="true" duration-ms="4" started-at="2020-11-08T21:15:39 IST" finished-at="2020-11-08T21:15:39 IST">
          <reporter-output>
          </reporter-output>
        </test-method> <!-- setUp -->
        <test-method status="PASS" signature="callJoinTest()[pri:0, instance:com.qa.webtests.LaunchURLTest@60bd273d]" name="callJoinTest" duration-ms="4165" started-at="2020-11-08T21:15:39 IST" finished-at="2020-11-08T21:15:43 IST">
          <reporter-output>
          </reporter-output>
        </test-method> <!-- callJoinTest -->
        <test-method status="PASS" signature="tearDownBrowser()[pri:0, instance:com.qa.webtests.LaunchURLTest@60bd273d]" name="tearDownBrowser" is-config="true" duration-ms="70" started-at="2020-11-08T21:15:43 IST" finished-at="2020-11-08T21:15:43 IST">
          <reporter-output>
          </reporter-output>
        </test-method> <!-- tearDownBrowser -->
      </class> <!-- com.qa.webtests.LaunchURLTest -->
    </test> <!-- Default test -->
  </suite> <!-- Default suite -->
</testng-results>
