<?xml version="1.0" encoding="UTF-8"?>
<!-- Generated by org.testng.reporters.JUnitXMLReporter -->
<testsuite hostname="ip-192-168-1-100.eu-central-1.compute.internal" ignored="0" name="APITests" tests="5" failures="0" timestamp="12 Jul 2019 02:30:55 GMT" time="4.638" errors="0">
  <testcase name="getSinglePostTest" time="2.114" classname="com.qa.apitests.GetSinglePostTest"/>
  <testcase name="getInvalidPostTest" time="0.655" classname="com.qa.apitests.GetInvalidPostTest"/>
  <testcase name="postTest" time="0.722" classname="com.qa.apitests.PostTest"/>
  <testcase name="updatePostTest" time="0.612" classname="com.qa.apitests.UpdatePostTest"/>
  <testcase name="deletePostTest" time="0.49" classname="com.qa.apitests.DeletePostTest"/>
</testsuite> <!-- APITests -->
